<?xml version="1.0" encoding="UTF-8"?>
<!-- Generated by org.testng.reporters.JUnitXMLReporter -->
<testsuite ignored="0" hostname="LAPTOP-31STHN3D" failures="1" tests="2" name="Default test" time="17.661" errors="0" timestamp="2025-04-27T16:44:30 IST">
  <testcase classname="io.cucumber.testng.AbstractTestNGCucumberTests" name="runScenario" time="17.027"/>
  <testcase classname="io.cucumber.testng.AbstractTestNGCucumberTests" name="runScenario" time="0.027">
    <failure type="java.lang.NullPointerException" message="Cannot invoke &amp;quot;pages.LoginPage.loginMethod(String, String)&amp;quot; because &amp;quot;this.loginPage&amp;quot; is null">
      <![CDATA[java.lang.NullPointerException: Cannot invoke "pages.LoginPage.loginMethod(String, String)" because "this.loginPage" is null
at stepdefinitions.LoginStepDefinition.user_enters_username_pwd(LoginStepDefinition.java:34)
at ✽.User enters correct username and password(file:///C:/Users/bhand/eclipse-automation/OrangeHRM/src/test/java/features/login.feature:27)
]]>
    </failure>
  </testcase> <!-- runScenario -->
</testsuite> <!-- Default test -->
