<?xml version="1.0" encoding="UTF-8"?>
<!-- Generated by org.testng.reporters.JUnitXMLReporter -->
<testsuite ignored="0" hostname="LAPTOP-31STHN3D" failures="0" tests="2" name="Login and leave test" time="19.151" errors="0" timestamp="2025-04-27T17:00:27 IST">
  <testcase classname="io.cucumber.testng.AbstractTestNGCucumberTests" name="runScenario" time="13.837"/>
  <testcase classname="io.cucumber.testng.AbstractTestNGCucumberTests" name="runScenario" time="4.756"/>
</testsuite> <!-- Login and leave test -->
