<?xml version="1.0" encoding="UTF-8"?>
<testng-results ignored="0" total="2" passed="2" failed="0" skipped="0">
  <reporter-output>
  </reporter-output>
  <suite started-at="2025-04-27T17:00:08 IST" name="Login and Assign leave suite" finished-at="2025-04-27T17:00:27 IST" duration-ms="19151">
    <groups>
      <group name="cucumber">
        <method signature="AbstractTestNGCucumberTests.runScenario(io.cucumber.testng.PickleWrapper,io.cucumber.testng.FeatureWrapper)[pri:0, instance:runners.LoginAndLeaveRunner@4009e306]" name="runScenario" class="io.cucumber.testng.AbstractTestNGCucumberTests"/>
      </group> <!-- cucumber -->
    </groups>
    <test started-at="2025-04-27T17:00:08 IST" name="Login and leave test" finished-at="2025-04-27T17:00:27 IST" duration-ms="19151">
      <class name="runners.LoginAndLeaveRunner">
        <test-method is-config="true" signature="setUpClass(org.testng.ITestContext)[pri:0, instance:runners.LoginAndLeaveRunner@4009e306]" started-at="2025-04-27T17:00:08 IST" name="setUpClass" finished-at="2025-04-27T17:00:09 IST" duration-ms="455" status="PASS">
          <params>
            <param index="0">
              <value>
                <![CDATA[org.testng.TestRunner@3337d04c]]>
              </value>
            </param>
          </params>
          <reporter-output>
          </reporter-output>
        </test-method> <!-- setUpClass -->
        <test-method signature="runScenario(io.cucumber.testng.PickleWrapper,io.cucumber.testng.FeatureWrapper)[pri:0, instance:runners.LoginAndLeaveRunner@4009e306]" started-at="2025-04-27T17:00:09 IST" name="runScenario" description="Runs Cucumber Scenarios" data-provider="scenarios" finished-at="2025-04-27T17:00:22 IST" duration-ms="13837" status="PASS">
          <params>
            <param index="0">
              <value>
                <![CDATA["Assign leave"]]>
              </value>
            </param>
            <param index="1">
              <value>
                <![CDATA["Assign leave"]]>
              </value>
            </param>
          </params>
          <reporter-output>
          </reporter-output>
        </test-method> <!-- runScenario -->
        <test-method signature="runScenario(io.cucumber.testng.PickleWrapper,io.cucumber.testng.FeatureWrapper)[pri:0, instance:runners.LoginAndLeaveRunner@4009e306]" started-at="2025-04-27T17:00:22 IST" name="runScenario" description="Runs Cucumber Scenarios" data-provider="scenarios" finished-at="2025-04-27T17:00:27 IST" duration-ms="4756" status="PASS">
          <params>
            <param index="0">
              <value>
                <![CDATA["Login to Orange HRM"]]>
              </value>
            </param>
            <param index="1">
              <value>
                <![CDATA["Login"]]>
              </value>
            </param>
          </params>
          <reporter-output>
          </reporter-output>
        </test-method> <!-- runScenario -->
        <test-method is-config="true" signature="tearDownClass()[pri:0, instance:runners.LoginAndLeaveRunner@4009e306]" started-at="2025-04-27T17:00:27 IST" name="tearDownClass" finished-at="2025-04-27T17:00:27 IST" duration-ms="54" status="PASS">
          <reporter-output>
          </reporter-output>
        </test-method> <!-- tearDownClass -->
      </class> <!-- runners.LoginAndLeaveRunner -->
    </test> <!-- Login and leave test -->
  </suite> <!-- Login and Assign leave suite -->
</testng-results>
